[debug] [2026-03-15T12:19:45.854Z] ----------------------------------------------------------------------
[debug] [2026-03-15T12:19:45.856Z] Command:       C:\Program Files\nodejs\node.exe C:\Users\antho\Lixby\node_modules\firebase-tools\lib\bin\firebase.js deploy --only hosting --project lixby0
[debug] [2026-03-15T12:19:45.856Z] CLI Version:   15.10.0
[debug] [2026-03-15T12:19:45.856Z] Platform:      win32
[debug] [2026-03-15T12:19:45.856Z] Node Version:  v24.14.0
[debug] [2026-03-15T12:19:45.856Z] Time:          Sun Mar 15 2026 12:19:45 GMT+0000 (hora estándar de Europa occidental)
[debug] [2026-03-15T12:19:45.856Z] ----------------------------------------------------------------------
[debug] 
[debug] [2026-03-15T12:19:45.858Z] >>> [apiv2][query] GET https://firebase-public.firebaseio.com/cli.json [none]
[debug] [2026-03-15T12:19:47.109Z] > command requires scopes: ["email","openid","https://www.googleapis.com/auth/cloudplatformprojects.readonly","https://www.googleapis.com/auth/firebase","https://www.googleapis.com/auth/cloud-platform"]
[debug] [2026-03-15T12:19:47.119Z] Error: Could not load the default credentials. Browse to https://cloud.google.com/docs/authentication/getting-started for more information.
    at GoogleAuth.getApplicationDefaultAsync (C:\Users\antho\Lixby\node_modules\firebase-tools\node_modules\google-auth-library\build\src\auth\googleauth.js:287:15)
    at process.processTicksAndRejections (node:internal/process/task_queues:104:5)
    at async GoogleAuth._GoogleAuth_determineClient (C:\Users\antho\Lixby\node_modules\firebase-tools\node_modules\google-auth-library\build\src\auth\googleauth.js:834:32)
    at async GoogleAuth.getClient (C:\Users\antho\Lixby\node_modules\firebase-tools\node_modules\google-auth-library\build\src\auth\googleauth.js:698:20)
    at async GoogleAuth.getAccessToken (C:\Users\antho\Lixby\node_modules\firebase-tools\node_modules\google-auth-library\build\src\auth\googleauth.js:722:24)
    at async autoAuth (C:\Users\antho\Lixby\node_modules\firebase-tools\lib\requireAuth.js:28:19)
    at async requireAuth (C:\Users\antho\Lixby\node_modules\firebase-tools\lib\requireAuth.js:90:20)
    at async requirePermissions (C:\Users\antho\Lixby\node_modules\firebase-tools\lib\requirePermissions.js:17:5)
    at async C:\Users\antho\Lixby\node_modules\firebase-tools\lib\command.js:264:17
[error] 
[error] Error: Failed to authenticate, have you run firebase login?
[debug] [2026-03-15T12:19:47.122Z] *** [apiv2] error from fetch(https://firebase-public.firebaseio.com/cli.json, {"headers":{},"method":"GET"}): FetchError: request to https://firebase-public.firebaseio.com/cli.json failed, reason: 
[warn] !  Unable to fetch the CLI MOTD and remote config. This is not a fatal error, but may indicate an issue with your network connection. 
[debug] [2026-03-15T12:19:47.122Z] Failed to fetch MOTD FirebaseError: Failed to make request to https://firebase-public.firebaseio.com/cli.json
[debug] [2026-03-15T12:19:47.403Z] Error: EPERM: operation not permitted, mkdir 'C:\Users\antho\.config\configstore'
    at Object.mkdirSync (node:fs:1349:26)
    at module.exports.sync (C:\Users\antho\Lixby\node_modules\make-dir\index.js:114:6)
    at set all (C:\Users\antho\Lixby\node_modules\configstore\index.js:59:12)
    at Configstore.delete (C:\Users\antho\Lixby\node_modules\configstore\index.js:101:12)
    at process.<anonymous> (C:\Users\antho\Lixby\node_modules\firebase-tools\lib\bin\cli.js:65:45)
    at process.emit (node:events:520:35)
    at process.exit (node:internal/process/per_thread:236:15)
    at Timeout._onTimeout (C:\Users\antho\Lixby\node_modules\firebase-tools\lib\errorOut.js:20:17)
    at listOnTimeout (node:internal/timers:605:17)
    at process.processTimers (node:internal/timers:541:7)
[error] 
[error] Error: An unexpected error has occurred.
